[0m05:35:57.661812 [debug] [MainThread]: Sending event: {'category': 'dbt', 'action': 'invocation', 'label': 'start', 'context': [<snowplow_tracker.self_describing_json.SelfDescribingJson object at 0x0000018AA4264EC0>, <snowplow_tracker.self_describing_json.SelfDescribingJson object at 0x0000018AA0EDEF90>, <snowplow_tracker.self_describing_json.SelfDescribingJson object at 0x0000018AA67FDEE0>]}


============================== 05:35:57.678210 | a034f427-1fc9-43da-b5ae-0de80e5847f2 ==============================
[0m05:35:57.678210 [info ] [MainThread]: Running with dbt=1.11.11
[0m05:35:57.678210 [debug] [MainThread]: running dbt with arguments {'static_parser': 'True', 'no_print': 'None', 'version_check': 'True', 'warn_error_options': 'WarnErrorOptionsV2(error=[], warn=[], silence=[])', 'target_path': 'None', 'printer_width': '80', 'write_json': 'True', 'empty': 'None', 'log_cache_events': 'False', 'introspect': 'True', 'cache_selected_only': 'False', 'fail_fast': 'False', 'debug': 'False', 'log_format': 'default', 'partial_parse': 'True', 'send_anonymous_usage_stats': 'True', 'quiet': 'False', 'warn_error': 'None', 'profiles_dir': 'C:\\Users\\thesa\\.dbt', 'invocation_command': 'dbt init aemo_analytics', 'use_colors': 'True', 'indirect_selection': 'eager', 'use_experimental_parser': 'False', 'log_path': 'logs'}
[0m05:35:57.699949 [info ] [MainThread]: Creating dbt configuration folder at C:\Users\thesa\.dbt
[0m05:35:57.717933 [debug] [MainThread]: Starter project path: C:\Users\thesa\AppData\Local\Programs\Python\Python312\Lib\site-packages\dbt\include\starter_project
[0m05:35:57.742244 [info ] [MainThread]: 
Your new dbt project "aemo_analytics" was created!

For more information on how to configure the profiles.yml file,
please consult the dbt documentation here:

  https://docs.getdbt.com/docs/configure-your-profile

One more thing:

Need help? Don't hesitate to reach out to us via GitHub issues or on Slack:

  https://community.getdbt.com/

Happy modeling!

[0m05:35:57.742244 [info ] [MainThread]: Setting up your profile.
[0m05:36:05.021982 [debug] [MainThread]: Snowflake adapter: Setting snowflake.connector to ERROR (file logging only)
[0m05:36:05.021982 [debug] [MainThread]: Snowflake adapter: Setting botocore to ERROR (file logging only)
[0m05:36:05.021982 [debug] [MainThread]: Snowflake adapter: Setting boto3 to ERROR (file logging only)
[0m05:36:51.043677 [error] [MainThread]: Encountered an error:

[0m05:36:51.094240 [error] [MainThread]: Traceback (most recent call last):
  File "C:\Users\thesa\AppData\Local\Programs\Python\Python312\Lib\site-packages\dbt\cli\requires.py", line 182, in wrapper
    result, success = func(*args, **kwargs)
                      ^^^^^^^^^^^^^^^^^^^^^
  File "C:\Users\thesa\AppData\Local\Programs\Python\Python312\Lib\site-packages\dbt\cli\requires.py", line 128, in wrapper
    return func(*args, **kwargs)
           ^^^^^^^^^^^^^^^^^^^^^
  File "C:\Users\thesa\AppData\Local\Programs\Python\Python312\Lib\site-packages\dbt\cli\main.py", line 488, in init
    results = task.run()
              ^^^^^^^^^^
  File "C:\Users\thesa\AppData\Local\Programs\Python\Python312\Lib\site-packages\dbt\task\init.py", line 346, in run
    self.setup_profile(profile_name)
  File "C:\Users\thesa\AppData\Local\Programs\Python\Python312\Lib\site-packages\dbt\task\init.py", line 262, in setup_profile
    self.create_profile_from_target(adapter, profile_name=profile_name)
  File "C:\Users\thesa\AppData\Local\Programs\Python\Python312\Lib\site-packages\dbt\task\init.py", line 179, in create_profile_from_target
    self.create_profile_from_profile_template(profile_template, profile_name)
  File "C:\Users\thesa\AppData\Local\Programs\Python\Python312\Lib\site-packages\dbt\task\init.py", line 163, in create_profile_from_profile_template
    target = self.generate_target_from_input(prompts, initial_target)
             ^^^^^^^^^^^^^^^^^^^^^^^^^^^^^^^^^^^^^^^^^^^^^^^^^^^^^^^^
  File "C:\Users\thesa\AppData\Local\Programs\Python\Python312\Lib\site-packages\dbt\task\init.py", line 116, in generate_target_from_input
    target = self.generate_target_from_input(
             ^^^^^^^^^^^^^^^^^^^^^^^^^^^^^^^^
  File "C:\Users\thesa\AppData\Local\Programs\Python\Python312\Lib\site-packages\dbt\task\init.py", line 129, in generate_target_from_input
    target[key] = click.prompt(
                  ^^^^^^^^^^^^^
  File "C:\Users\thesa\AppData\Local\Programs\Python\Python312\Lib\site-packages\click\termui.py", line 218, in prompt
    value = prompt_func(prompt)
            ^^^^^^^^^^^^^^^^^^^
  File "C:\Users\thesa\AppData\Local\Programs\Python\Python312\Lib\site-packages\click\termui.py", line 201, in prompt_func
    raise Abort() from None
click.exceptions.Abort

[0m05:36:51.094240 [debug] [MainThread]: Command `dbt init` failed at 05:36:51.094240 after 53.56 seconds
[0m05:36:51.109047 [debug] [MainThread]: Sending event: {'category': 'dbt', 'action': 'invocation', 'label': 'end', 'context': [<snowplow_tracker.self_describing_json.SelfDescribingJson object at 0x0000018AA67FDEE0>, <snowplow_tracker.self_describing_json.SelfDescribingJson object at 0x0000018AC9165880>, <snowplow_tracker.self_describing_json.SelfDescribingJson object at 0x0000018AC9135700>]}
[0m05:36:51.110186 [debug] [MainThread]: Flushing usage events
[0m05:36:56.043747 [debug] [MainThread]: Sending event: {'category': 'dbt', 'action': 'invocation', 'label': 'start', 'context': [<snowplow_tracker.self_describing_json.SelfDescribingJson object at 0x0000020A11E9FEC0>, <snowplow_tracker.self_describing_json.SelfDescribingJson object at 0x0000020A11D6BD10>, <snowplow_tracker.self_describing_json.SelfDescribingJson object at 0x0000020A11AB22D0>]}


============================== 05:36:56.043747 | fa089064-ffcd-4fe5-9dc3-ab297cf7cd17 ==============================
[0m05:36:56.043747 [info ] [MainThread]: Running with dbt=1.11.11
[0m05:36:56.043747 [debug] [MainThread]: running dbt with arguments {'version_check': 'True', 'no_print': 'None', 'static_parser': 'True', 'target_path': 'None', 'warn_error_options': 'WarnErrorOptionsV2(error=[], warn=[], silence=[])', 'printer_width': '80', 'write_json': 'True', 'introspect': 'True', 'log_cache_events': 'False', 'empty': 'None', 'cache_selected_only': 'False', 'fail_fast': 'False', 'debug': 'False', 'log_format': 'default', 'partial_parse': 'True', 'send_anonymous_usage_stats': 'True', 'quiet': 'False', 'warn_error': 'None', 'profiles_dir': 'C:\\Users\\thesa\\.dbt', 'use_colors': 'True', 'indirect_selection': 'eager', 'invocation_command': 'dbt init aemo_analytics', 'use_experimental_parser': 'False', 'log_path': 'logs'}
[0m05:36:56.069784 [info ] [MainThread]: A project called aemo_analytics already exists here.
[0m05:36:56.070596 [debug] [MainThread]: Command `dbt init` succeeded at 05:36:56.070596 after 0.16 seconds
[0m05:36:56.071961 [debug] [MainThread]: Sending event: {'category': 'dbt', 'action': 'invocation', 'label': 'end', 'context': [<snowplow_tracker.self_describing_json.SelfDescribingJson object at 0x0000020A10AAEBD0>, <snowplow_tracker.self_describing_json.SelfDescribingJson object at 0x0000020A10AAEE70>, <snowplow_tracker.self_describing_json.SelfDescribingJson object at 0x0000020A11594740>]}
[0m05:36:56.072297 [debug] [MainThread]: Flushing usage events
[0m05:36:57.417644 [debug] [MainThread]: An error was encountered while trying to flush usage events
[0m05:37:17.173406 [debug] [MainThread]: Sending event: {'category': 'dbt', 'action': 'invocation', 'label': 'start', 'context': [<snowplow_tracker.self_describing_json.SelfDescribingJson object at 0x000001BB1EF495E0>, <snowplow_tracker.self_describing_json.SelfDescribingJson object at 0x000001BB1BCB4DA0>, <snowplow_tracker.self_describing_json.SelfDescribingJson object at 0x000001BB1D6E01D0>]}


============================== 05:37:17.178366 | 64a92eb0-244b-46eb-84c4-2f7ec013c34e ==============================
[0m05:37:17.178366 [info ] [MainThread]: Running with dbt=1.11.11
[0m05:37:17.179418 [debug] [MainThread]: running dbt with arguments {'version_check': 'True', 'no_print': 'None', 'static_parser': 'True', 'warn_error_options': 'WarnErrorOptionsV2(error=[], warn=[], silence=[])', 'target_path': 'None', 'printer_width': '80', 'write_json': 'True', 'introspect': 'True', 'log_cache_events': 'False', 'empty': 'None', 'cache_selected_only': 'False', 'log_format': 'default', 'debug': 'False', 'fail_fast': 'False', 'partial_parse': 'True', 'send_anonymous_usage_stats': 'True', 'quiet': 'False', 'warn_error': 'None', 'profiles_dir': 'C:\\Users\\thesa\\.dbt', 'use_colors': 'True', 'indirect_selection': 'eager', 'invocation_command': 'dbt init aemo_analytics', 'use_experimental_parser': 'False', 'log_path': 'logs'}
[0m05:37:17.201855 [debug] [MainThread]: Starter project path: C:\Users\thesa\AppData\Local\Programs\Python\Python312\Lib\site-packages\dbt\include\starter_project
[0m05:37:17.209973 [info ] [MainThread]: 
Your new dbt project "aemo_analytics" was created!

For more information on how to configure the profiles.yml file,
please consult the dbt documentation here:

  https://docs.getdbt.com/docs/configure-your-profile

One more thing:

Need help? Don't hesitate to reach out to us via GitHub issues or on Slack:

  https://community.getdbt.com/

Happy modeling!

[0m05:37:17.215195 [info ] [MainThread]: Setting up your profile.
[0m05:37:20.398646 [debug] [MainThread]: Snowflake adapter: Setting snowflake.connector to ERROR (file logging only)
[0m05:37:20.399978 [debug] [MainThread]: Snowflake adapter: Setting botocore to ERROR (file logging only)
[0m05:37:20.399978 [debug] [MainThread]: Snowflake adapter: Setting boto3 to ERROR (file logging only)
[0m05:37:56.223859 [error] [MainThread]: Encountered an error:

[0m05:37:56.227088 [error] [MainThread]: Traceback (most recent call last):
  File "C:\Users\thesa\AppData\Local\Programs\Python\Python312\Lib\site-packages\dbt\cli\requires.py", line 182, in wrapper
    result, success = func(*args, **kwargs)
                      ^^^^^^^^^^^^^^^^^^^^^
  File "C:\Users\thesa\AppData\Local\Programs\Python\Python312\Lib\site-packages\dbt\cli\requires.py", line 128, in wrapper
    return func(*args, **kwargs)
           ^^^^^^^^^^^^^^^^^^^^^
  File "C:\Users\thesa\AppData\Local\Programs\Python\Python312\Lib\site-packages\dbt\cli\main.py", line 488, in init
    results = task.run()
              ^^^^^^^^^^
  File "C:\Users\thesa\AppData\Local\Programs\Python\Python312\Lib\site-packages\dbt\task\init.py", line 346, in run
    self.setup_profile(profile_name)
  File "C:\Users\thesa\AppData\Local\Programs\Python\Python312\Lib\site-packages\dbt\task\init.py", line 262, in setup_profile
    self.create_profile_from_target(adapter, profile_name=profile_name)
  File "C:\Users\thesa\AppData\Local\Programs\Python\Python312\Lib\site-packages\dbt\task\init.py", line 179, in create_profile_from_target
    self.create_profile_from_profile_template(profile_template, profile_name)
  File "C:\Users\thesa\AppData\Local\Programs\Python\Python312\Lib\site-packages\dbt\task\init.py", line 163, in create_profile_from_profile_template
    target = self.generate_target_from_input(prompts, initial_target)
             ^^^^^^^^^^^^^^^^^^^^^^^^^^^^^^^^^^^^^^^^^^^^^^^^^^^^^^^^
  File "C:\Users\thesa\AppData\Local\Programs\Python\Python312\Lib\site-packages\dbt\task\init.py", line 116, in generate_target_from_input
    target = self.generate_target_from_input(
             ^^^^^^^^^^^^^^^^^^^^^^^^^^^^^^^^
  File "C:\Users\thesa\AppData\Local\Programs\Python\Python312\Lib\site-packages\dbt\task\init.py", line 129, in generate_target_from_input
    target[key] = click.prompt(
                  ^^^^^^^^^^^^^
  File "C:\Users\thesa\AppData\Local\Programs\Python\Python312\Lib\site-packages\click\termui.py", line 218, in prompt
    value = prompt_func(prompt)
            ^^^^^^^^^^^^^^^^^^^
  File "C:\Users\thesa\AppData\Local\Programs\Python\Python312\Lib\site-packages\click\termui.py", line 201, in prompt_func
    raise Abort() from None
click.exceptions.Abort

[0m05:37:56.229055 [debug] [MainThread]: Command `dbt init` failed at 05:37:56.229055 after 39.18 seconds
[0m05:37:56.230081 [debug] [MainThread]: Sending event: {'category': 'dbt', 'action': 'invocation', 'label': 'end', 'context': [<snowplow_tracker.self_describing_json.SelfDescribingJson object at 0x000001BB1E9887A0>, <snowplow_tracker.self_describing_json.SelfDescribingJson object at 0x000001BB41358BC0>, <snowplow_tracker.self_describing_json.SelfDescribingJson object at 0x000001BB411F0EF0>]}
[0m05:37:56.230967 [debug] [MainThread]: Flushing usage events
[0m05:38:06.614364 [debug] [MainThread]: Sending event: {'category': 'dbt', 'action': 'invocation', 'label': 'start', 'context': [<snowplow_tracker.self_describing_json.SelfDescribingJson object at 0x000001B8799AD730>, <snowplow_tracker.self_describing_json.SelfDescribingJson object at 0x000001B8796AC980>, <snowplow_tracker.self_describing_json.SelfDescribingJson object at 0x000001B8799ADB20>]}


============================== 05:38:06.617094 | 3424f530-6bab-4ff5-af8b-6b715338a178 ==============================
[0m05:38:06.617094 [info ] [MainThread]: Running with dbt=1.11.11
[0m05:38:06.620541 [debug] [MainThread]: running dbt with arguments {'version_check': 'True', 'no_print': 'None', 'static_parser': 'True', 'warn_error_options': 'WarnErrorOptionsV2(error=[], warn=[], silence=[])', 'target_path': 'None', 'printer_width': '80', 'write_json': 'True', 'introspect': 'True', 'log_cache_events': 'False', 'empty': 'None', 'cache_selected_only': 'False', 'fail_fast': 'False', 'debug': 'False', 'log_format': 'default', 'profiles_dir': 'C:\\Users\\thesa\\.dbt', 'send_anonymous_usage_stats': 'True', 'quiet': 'False', 'warn_error': 'None', 'partial_parse': 'True', 'use_colors': 'True', 'indirect_selection': 'eager', 'invocation_command': 'dbt init aemo_analytics', 'use_experimental_parser': 'False', 'log_path': 'logs'}
[0m05:38:06.642114 [debug] [MainThread]: Starter project path: C:\Users\thesa\AppData\Local\Programs\Python\Python312\Lib\site-packages\dbt\include\starter_project
[0m05:38:06.646389 [info ] [MainThread]: 
Your new dbt project "aemo_analytics" was created!

For more information on how to configure the profiles.yml file,
please consult the dbt documentation here:

  https://docs.getdbt.com/docs/configure-your-profile

One more thing:

Need help? Don't hesitate to reach out to us via GitHub issues or on Slack:

  https://community.getdbt.com/

Happy modeling!

[0m05:38:06.646389 [info ] [MainThread]: Setting up your profile.
[0m05:38:09.322820 [debug] [MainThread]: Snowflake adapter: Setting snowflake.connector to ERROR (file logging only)
[0m05:38:09.322820 [debug] [MainThread]: Snowflake adapter: Setting botocore to ERROR (file logging only)
[0m05:38:09.322820 [debug] [MainThread]: Snowflake adapter: Setting boto3 to ERROR (file logging only)
[0m05:40:54.625034 [info ] [MainThread]: Profile aemo_analytics written to C:\Users\thesa\.dbt\profiles.yml using target's profile_template.yml and your supplied values. Run 'dbt debug' to validate the connection.
[0m05:40:54.627040 [debug] [MainThread]: Command `dbt init` succeeded at 05:40:54.627040 after 168.13 seconds
[0m05:40:54.627040 [debug] [MainThread]: Sending event: {'category': 'dbt', 'action': 'invocation', 'label': 'end', 'context': [<snowplow_tracker.self_describing_json.SelfDescribingJson object at 0x000001B8796D84A0>, <snowplow_tracker.self_describing_json.SelfDescribingJson object at 0x000001B81C351D00>, <snowplow_tracker.self_describing_json.SelfDescribingJson object at 0x000001B81C509700>]}
[0m05:40:54.627040 [debug] [MainThread]: Flushing usage events
[0m05:40:56.797611 [debug] [MainThread]: An error was encountered while trying to flush usage events
